{
"/Users/sergejpopov/workspace/courses-angular/src/webpack.test.js":{"path":"/Users/sergejpopov/workspace/courses-angular/src/webpack.test.js","s":{"1":1,"2":1,"3":1,"4":1},"b":{},"f":{},"fnMap":{},"statementMap":{"1":{"start":{"line":1,"column":0},"end":{"line":1,"column":0}},"2":{"start":{"line":2,"column":0},"end":{"line":2,"column":0}},"3":{"start":{"line":3,"column":0},"end":{"line":3,"column":4}},"4":{"start":{"line":4,"column":0},"end":{"line":4,"column":0}}},"branchMap":{},"code":["import 'angular';","import 'angular-mocks/angular-mocks';","var testsContext = require.context(\".\", true, /.spec$/);","testsContext.keys().forEach(testsContext);"],"l":{"1":1,"2":1,"3":1,"4":1}},
"/Users/sergejpopov/workspace/courses-angular/src/modules/services/messages.service.js":{"path":"/Users/sergejpopov/workspace/courses-angular/src/modules/services/messages.service.js","s":{"1":1,"2":1,"3":1,"4":1,"5":4,"6":4,"7":4,"8":4,"9":4,"10":4,"11":1,"12":1,"13":1,"14":1,"15":0,"16":1,"17":1,"18":0,"19":0,"20":1,"21":1,"22":0,"23":0,"24":0,"25":1,"26":0,"27":0,"28":0,"29":0,"30":0,"31":0,"32":0,"33":0,"34":0,"35":0,"36":0,"37":0,"38":0,"39":1,"40":1},"b":{"1":[4,4],"2":[4,0],"3":[1,0],"4":[0,1],"5":[0,0]},"f":{"1":1,"2":1,"3":1,"4":0,"5":1,"6":0,"7":0,"8":0,"9":0,"10":0,"11":0,"12":0,"13":0,"14":0,"15":0},"fnMap":{"1":{"name":"(anonymous_1)","line":7,"loc":{"start":{"line":0,"column":0},"end":{"line":0,"column":0},"skip":true},"skip":true},"2":{"name":"defineProperties","line":7,"loc":{"start":{"line":0,"column":0},"end":{"line":0,"column":0},"skip":true},"skip":true},"3":{"name":"(anonymous_3)","line":7,"loc":{"start":{"line":0,"column":0},"end":{"line":0,"column":0},"skip":true},"skip":true},"4":{"name":"_classCallCheck","line":9,"loc":{"start":{"line":0,"column":0},"end":{"line":0,"column":0},"skip":true},"skip":true},"5":{"name":"(anonymous_5)","line":11,"loc":{"start":{"line":1,"column":21},"end":{"line":1,"column":21}}},"6":{"name":"MessagesService","line":15,"loc":{"start":{"line":4,"column":4},"end":{"line":4,"column":47}}},"7":{"name":"getAll","line":24,"loc":{"start":{"line":0,"column":0},"end":{"line":0,"column":0},"skip":true},"skip":true},"8":{"name":"(anonymous_8)","line":25,"loc":{"start":{"line":10,"column":34},"end":{"line":10,"column":46}}},"9":{"name":"(anonymous_9)","line":26,"loc":{"start":{"line":11,"column":27},"end":{"line":11,"column":44}}},"10":{"name":"getItem","line":34,"loc":{"start":{"line":0,"column":0},"end":{"line":0,"column":0},"skip":true},"skip":true},"11":{"name":"(anonymous_11)","line":35,"loc":{"start":{"line":19,"column":34},"end":{"line":19,"column":46}}},"12":{"name":"add","line":41,"loc":{"start":{"line":0,"column":0},"end":{"line":0,"column":0},"skip":true},"skip":true},"13":{"name":"(anonymous_13)","line":44,"loc":{"start":{"line":25,"column":45},"end":{"line":25,"column":54}}},"14":{"name":"remove","line":52,"loc":{"start":{"line":0,"column":0},"end":{"line":0,"column":0},"skip":true},"skip":true},"15":{"name":"(anonymous_15)","line":53,"loc":{"start":{"line":33,"column":48},"end":{"line":33,"column":57}}}},"statementMap":{"1":{"start":{"line":0,"column":0},"end":{"line":0,"column":0},"skip":true},"2":{"start":{"line":0,"column":0},"end":{"line":0,"column":0},"skip":true},"3":{"start":{"line":0,"column":0},"end":{"line":0,"column":0},"skip":true},"4":{"start":{"line":0,"column":0},"end":{"line":0,"column":0},"skip":true},"5":{"start":{"line":0,"column":0},"end":{"line":0,"column":0},"skip":true},"6":{"start":{"line":0,"column":0},"end":{"line":0,"column":0},"skip":true},"7":{"start":{"line":0,"column":0},"end":{"line":0,"column":0},"skip":true},"8":{"start":{"line":0,"column":0},"end":{"line":0,"column":0},"skip":true},"9":{"start":{"line":0,"column":0},"end":{"line":0,"column":0},"skip":true},"10":{"start":{"line":0,"column":0},"end":{"line":0,"column":0},"skip":true},"11":{"start":{"line":0,"column":0},"end":{"line":0,"column":0},"skip":true},"12":{"start":{"line":0,"column":0},"end":{"line":0,"column":0},"skip":true},"13":{"start":{"line":0,"column":0},"end":{"line":0,"column":0},"skip":true},"14":{"start":{"line":0,"column":0},"end":{"line":0,"column":0},"skip":true},"15":{"start":{"line":0,"column":0},"end":{"line":0,"column":0},"skip":true},"16":{"start":{"line":0,"column":0},"end":{"line":0,"column":0},"skip":true},"17":{"start":{"line":0,"column":0},"end":{"line":0,"column":0},"skip":true},"18":{"start":{"line":0,"column":0},"end":{"line":0,"column":0},"skip":true},"19":{"start":{"line":0,"column":0},"end":{"line":0,"column":0},"skip":true},"20":{"start":{"line":0,"column":0},"end":{"line":0,"column":0},"skip":true},"21":{"start":{"line":4,"column":4},"end":{"line":4,"column":4}},"22":{"start":{"line":0,"column":0},"end":{"line":0,"column":0},"skip":true},"23":{"start":{"line":5,"column":8},"end":{"line":4,"column":47}},"24":{"start":{"line":6,"column":8},"end":{"line":4,"column":47}},"25":{"start":{"line":0,"column":0},"end":{"line":0,"column":0},"skip":true},"26":{"start":{"line":10,"column":8},"end":{"line":9,"column":17}},"27":{"start":{"line":11,"column":12},"end":{"line":10,"column":46}},"28":{"start":{"line":12,"column":16},"end":{"line":11,"column":44}},"29":{"start":{"line":14,"column":12},"end":{"line":10,"column":46}},"30":{"start":{"line":19,"column":8},"end":{"line":18,"column":19}},"31":{"start":{"line":20,"column":12},"end":{"line":19,"column":46}},"32":{"start":{"line":0,"column":0},"end":{"line":0,"column":0},"skip":true},"33":{"start":{"line":25,"column":8},"end":{"line":24,"column":17}},"34":{"start":{"line":26,"column":12},"end":{"line":25,"column":54}},"35":{"start":{"line":27,"column":12},"end":{"line":25,"column":54}},"36":{"start":{"line":28,"column":12},"end":{"line":25,"column":54}},"37":{"start":{"line":33,"column":8},"end":{"line":32,"column":20}},"38":{"start":{"line":34,"column":12},"end":{"line":33,"column":57}},"39":{"start":{"line":0,"column":0},"end":{"line":0,"column":0},"skip":true},"40":{"start":{"line":0,"column":0},"end":{"line":0,"column":0},"skip":true}},"branchMap":{"1":{"line":7,"type":"binary-expr","locations":[{"start":{"line":0,"column":0},"end":{"line":0,"column":0},"skip":true},{"start":{"line":0,"column":0},"end":{"line":0,"column":0},"skip":true}]},"2":{"line":7,"type":"if","locations":[{"start":{"line":0,"column":0},"end":{"line":0,"column":0},"skip":true},{"start":{"line":0,"column":0},"end":{"line":0,"column":0},"skip":true}]},"3":{"line":7,"type":"if","locations":[{"start":{"line":0,"column":0},"end":{"line":0,"column":0},"skip":true},{"start":{"line":0,"column":0},"end":{"line":0,"column":0},"skip":true}]},"4":{"line":7,"type":"if","locations":[{"start":{"line":0,"column":0},"end":{"line":0,"column":0},"skip":true},{"start":{"line":0,"column":0},"end":{"line":0,"column":0},"skip":true}]},"5":{"line":9,"type":"if","locations":[{"start":{"line":0,"column":0},"end":{"line":0,"column":0},"skip":true},{"start":{"line":0,"column":0},"end":{"line":0,"column":0},"skip":true}]}},"code":["export default class MessagesService {","","    /* @ngInject */","    constructor (FIREBASE_URI, $firebaseArray) {","        let ref = new Firebase(FIREBASE_URI).child('messages');","        this._list = $firebaseArray(ref);","    }","","    getAll(type) {","        return this._list.$loaded((result) => {","            result.forEach((item, index) => {","                item.index = index;","            });","            return result;","        });","    }","","    getItem(index) {","        return this.getAll().then((result) => {","            return result[index];","        })","    }","","    add(message) {","        return this._list.$add(message).then((ref) => {","            let key = ref.key();","            let index = this._list.$indexFor(key);","            return this._list[index];","        });","    }","","    remove(message) {","        return this._list.$remove(message).then((ref) => {","            return message.$id;","        });","    }","}",""],"l":{"0":4,"4":1,"5":0,"6":0,"10":0,"11":0,"12":0,"14":0,"19":0,"20":0,"25":0,"26":0,"27":0,"28":0,"33":0,"34":0}},
"/Users/sergejpopov/workspace/courses-angular/src/modules/services/users.service.js":{"path":"/Users/sergejpopov/workspace/courses-angular/src/modules/services/users.service.js","s":{"1":1,"2":1,"3":1,"4":1,"5":5,"6":5,"7":5,"8":5,"9":5,"10":5,"11":1,"12":1,"13":1,"14":1,"15":0,"16":1,"17":1,"18":0,"19":0,"20":1,"21":1,"22":0,"23":0,"24":0,"25":1,"26":0,"27":0,"28":0,"29":0,"30":0,"31":0,"32":0,"33":0,"34":0,"35":0,"36":0,"37":0,"38":0,"39":0,"40":0,"41":0,"42":1,"43":1},"b":{"1":[5,5],"2":[5,0],"3":[1,0],"4":[0,1],"5":[0,0]},"f":{"1":1,"2":1,"3":1,"4":0,"5":1,"6":0,"7":0,"8":0,"9":0,"10":0,"11":0,"12":0,"13":0,"14":0,"15":0,"16":0,"17":0},"fnMap":{"1":{"name":"(anonymous_1)","line":7,"loc":{"start":{"line":0,"column":0},"end":{"line":0,"column":0},"skip":true},"skip":true},"2":{"name":"defineProperties","line":7,"loc":{"start":{"line":0,"column":0},"end":{"line":0,"column":0},"skip":true},"skip":true},"3":{"name":"(anonymous_3)","line":7,"loc":{"start":{"line":0,"column":0},"end":{"line":0,"column":0},"skip":true},"skip":true},"4":{"name":"_classCallCheck","line":9,"loc":{"start":{"line":0,"column":0},"end":{"line":0,"column":0},"skip":true},"skip":true},"5":{"name":"(anonymous_5)","line":11,"loc":{"start":{"line":1,"column":21},"end":{"line":1,"column":21}}},"6":{"name":"UsersService","line":15,"loc":{"start":{"line":4,"column":4},"end":{"line":4,"column":46}}},"7":{"name":"getAll","line":24,"loc":{"start":{"line":0,"column":0},"end":{"line":0,"column":0},"skip":true},"skip":true},"8":{"name":"(anonymous_8)","line":25,"loc":{"start":{"line":10,"column":34},"end":{"line":10,"column":46}}},"9":{"name":"(anonymous_9)","line":26,"loc":{"start":{"line":11,"column":27},"end":{"line":11,"column":44}}},"10":{"name":"getItem","line":34,"loc":{"start":{"line":0,"column":0},"end":{"line":0,"column":0},"skip":true},"skip":true},"11":{"name":"(anonymous_11)","line":35,"loc":{"start":{"line":19,"column":34},"end":{"line":19,"column":46}}},"12":{"name":"add","line":41,"loc":{"start":{"line":0,"column":0},"end":{"line":0,"column":0},"skip":true},"skip":true},"13":{"name":"(anonymous_13)","line":44,"loc":{"start":{"line":25,"column":42},"end":{"line":25,"column":51}}},"14":{"name":"remove","line":52,"loc":{"start":{"line":0,"column":0},"end":{"line":0,"column":0},"skip":true},"skip":true},"15":{"name":"(anonymous_15)","line":53,"loc":{"start":{"line":33,"column":45},"end":{"line":33,"column":54}}},"16":{"name":"update","line":59,"loc":{"start":{"line":0,"column":0},"end":{"line":0,"column":0},"skip":true},"skip":true},"17":{"name":"(anonymous_17)","line":62,"loc":{"start":{"line":39,"column":44},"end":{"line":39,"column":53}}}},"statementMap":{"1":{"start":{"line":0,"column":0},"end":{"line":0,"column":0},"skip":true},"2":{"start":{"line":0,"column":0},"end":{"line":0,"column":0},"skip":true},"3":{"start":{"line":0,"column":0},"end":{"line":0,"column":0},"skip":true},"4":{"start":{"line":0,"column":0},"end":{"line":0,"column":0},"skip":true},"5":{"start":{"line":0,"column":0},"end":{"line":0,"column":0},"skip":true},"6":{"start":{"line":0,"column":0},"end":{"line":0,"column":0},"skip":true},"7":{"start":{"line":0,"column":0},"end":{"line":0,"column":0},"skip":true},"8":{"start":{"line":0,"column":0},"end":{"line":0,"column":0},"skip":true},"9":{"start":{"line":0,"column":0},"end":{"line":0,"column":0},"skip":true},"10":{"start":{"line":0,"column":0},"end":{"line":0,"column":0},"skip":true},"11":{"start":{"line":0,"column":0},"end":{"line":0,"column":0},"skip":true},"12":{"start":{"line":0,"column":0},"end":{"line":0,"column":0},"skip":true},"13":{"start":{"line":0,"column":0},"end":{"line":0,"column":0},"skip":true},"14":{"start":{"line":0,"column":0},"end":{"line":0,"column":0},"skip":true},"15":{"start":{"line":0,"column":0},"end":{"line":0,"column":0},"skip":true},"16":{"start":{"line":0,"column":0},"end":{"line":0,"column":0},"skip":true},"17":{"start":{"line":0,"column":0},"end":{"line":0,"column":0},"skip":true},"18":{"start":{"line":0,"column":0},"end":{"line":0,"column":0},"skip":true},"19":{"start":{"line":0,"column":0},"end":{"line":0,"column":0},"skip":true},"20":{"start":{"line":0,"column":0},"end":{"line":0,"column":0},"skip":true},"21":{"start":{"line":4,"column":4},"end":{"line":4,"column":4}},"22":{"start":{"line":0,"column":0},"end":{"line":0,"column":0},"skip":true},"23":{"start":{"line":5,"column":8},"end":{"line":4,"column":46}},"24":{"start":{"line":6,"column":8},"end":{"line":4,"column":46}},"25":{"start":{"line":0,"column":0},"end":{"line":0,"column":0},"skip":true},"26":{"start":{"line":10,"column":8},"end":{"line":9,"column":13}},"27":{"start":{"line":11,"column":12},"end":{"line":10,"column":46}},"28":{"start":{"line":12,"column":16},"end":{"line":11,"column":44}},"29":{"start":{"line":14,"column":12},"end":{"line":10,"column":46}},"30":{"start":{"line":19,"column":8},"end":{"line":18,"column":19}},"31":{"start":{"line":20,"column":12},"end":{"line":19,"column":46}},"32":{"start":{"line":0,"column":0},"end":{"line":0,"column":0},"skip":true},"33":{"start":{"line":25,"column":8},"end":{"line":24,"column":14}},"34":{"start":{"line":26,"column":12},"end":{"line":25,"column":51}},"35":{"start":{"line":27,"column":12},"end":{"line":25,"column":51}},"36":{"start":{"line":28,"column":12},"end":{"line":25,"column":51}},"37":{"start":{"line":33,"column":8},"end":{"line":32,"column":17}},"38":{"start":{"line":34,"column":12},"end":{"line":33,"column":54}},"39":{"start":{"line":0,"column":0},"end":{"line":0,"column":0},"skip":true},"40":{"start":{"line":39,"column":8},"end":{"line":38,"column":18}},"41":{"start":{"line":40,"column":12},"end":{"line":39,"column":53}},"42":{"start":{"line":0,"column":0},"end":{"line":0,"column":0},"skip":true},"43":{"start":{"line":0,"column":0},"end":{"line":0,"column":0},"skip":true}},"branchMap":{"1":{"line":7,"type":"binary-expr","locations":[{"start":{"line":0,"column":0},"end":{"line":0,"column":0},"skip":true},{"start":{"line":0,"column":0},"end":{"line":0,"column":0},"skip":true}]},"2":{"line":7,"type":"if","locations":[{"start":{"line":0,"column":0},"end":{"line":0,"column":0},"skip":true},{"start":{"line":0,"column":0},"end":{"line":0,"column":0},"skip":true}]},"3":{"line":7,"type":"if","locations":[{"start":{"line":0,"column":0},"end":{"line":0,"column":0},"skip":true},{"start":{"line":0,"column":0},"end":{"line":0,"column":0},"skip":true}]},"4":{"line":7,"type":"if","locations":[{"start":{"line":0,"column":0},"end":{"line":0,"column":0},"skip":true},{"start":{"line":0,"column":0},"end":{"line":0,"column":0},"skip":true}]},"5":{"line":9,"type":"if","locations":[{"start":{"line":0,"column":0},"end":{"line":0,"column":0},"skip":true},{"start":{"line":0,"column":0},"end":{"line":0,"column":0},"skip":true}]}},"code":["export default class UsersService {","","    /* @ngInject */","    constructor(FIREBASE_URI, $firebaseArray) {","        let ref = new Firebase(FIREBASE_URI).child('users');","        this._list = $firebaseArray(ref);","    }","","    getAll() {","        return this._list.$loaded((result) => {","            result.forEach((item, index) => {","                item.index = index;","            });","            return result;","        });","    }","","    getItem(index) {","        return this.getAll().then((result) => {","            return result[index];","        })","    }","","    add(user) {","        return this._list.$add(user).then((ref) => {","            let key = ref.key();","            let index = this._list.$indexFor(key);","            return this._list[index];","        });","    }","","    remove(user) {","        return this._list.$remove(user).then((ref) => {","            return user.$id;","        });","    }","","    update(index) {","        return this._list.$save(index).then((ref) => {","            return this._list[index];","        });","    }","}",""],"l":{"0":5,"4":1,"5":0,"6":0,"10":0,"11":0,"12":0,"14":0,"19":0,"20":0,"25":0,"26":0,"27":0,"28":0,"33":0,"34":0,"39":0,"40":0}}}
