TN:
SF:/Users/sergejpopov/workspace/courses-angular/src/webpack.test.js
FNF:0
FNH:0
DA:1,1
DA:2,1
DA:3,1
DA:4,1
LF:4
LH:4
BRF:0
BRH:0
end_of_record
TN:
SF:/Users/sergejpopov/workspace/courses-angular/src/modules/services/messages.service.js
FN:7,(anonymous_1)
FN:7,defineProperties
FN:7,(anonymous_3)
FN:9,_classCallCheck
FN:11,(anonymous_5)
FN:15,MessagesService
FN:24,getAll
FN:25,(anonymous_8)
FN:26,(anonymous_9)
FN:34,getItem
FN:35,(anonymous_11)
FN:41,add
FN:44,(anonymous_13)
FN:52,remove
FN:53,(anonymous_15)
FNF:15
FNH:9
FNDA:1,(anonymous_1)
FNDA:1,defineProperties
FNDA:1,(anonymous_3)
FNDA:0,_classCallCheck
FNDA:1,(anonymous_5)
FNDA:0,MessagesService
FNDA:0,getAll
FNDA:0,(anonymous_8)
FNDA:0,(anonymous_9)
FNDA:0,getItem
FNDA:0,(anonymous_11)
FNDA:0,add
FNDA:0,(anonymous_13)
FNDA:0,remove
FNDA:0,(anonymous_15)
DA:0,4
DA:4,1
DA:5,0
DA:6,0
DA:10,0
DA:11,0
DA:12,0
DA:14,0
DA:19,0
DA:20,0
DA:25,0
DA:26,0
DA:27,0
DA:28,0
DA:33,0
DA:34,0
LF:16
LH:2
BRDA:7,1,0,4
BRDA:7,1,1,4
BRDA:7,2,0,4
BRDA:7,2,1,0
BRDA:7,3,0,1
BRDA:7,3,1,0
BRDA:7,4,0,0
BRDA:7,4,1,1
BRDA:9,5,0,0
BRDA:9,5,1,0
BRF:10
BRH:10
end_of_record
TN:
SF:/Users/sergejpopov/workspace/courses-angular/src/modules/services/users.service.js
FN:7,(anonymous_1)
FN:7,defineProperties
FN:7,(anonymous_3)
FN:9,_classCallCheck
FN:11,(anonymous_5)
FN:15,UsersService
FN:24,getAll
FN:25,(anonymous_8)
FN:26,(anonymous_9)
FN:34,getItem
FN:35,(anonymous_11)
FN:41,add
FN:44,(anonymous_13)
FN:52,remove
FN:53,(anonymous_15)
FN:59,update
FN:62,(anonymous_17)
FNF:17
FNH:10
FNDA:1,(anonymous_1)
FNDA:1,defineProperties
FNDA:1,(anonymous_3)
FNDA:0,_classCallCheck
FNDA:1,(anonymous_5)
FNDA:0,UsersService
FNDA:0,getAll
FNDA:0,(anonymous_8)
FNDA:0,(anonymous_9)
FNDA:0,getItem
FNDA:0,(anonymous_11)
FNDA:0,add
FNDA:0,(anonymous_13)
FNDA:0,remove
FNDA:0,(anonymous_15)
FNDA:0,update
FNDA:0,(anonymous_17)
DA:0,5
DA:4,1
DA:5,0
DA:6,0
DA:10,0
DA:11,0
DA:12,0
DA:14,0
DA:19,0
DA:20,0
DA:25,0
DA:26,0
DA:27,0
DA:28,0
DA:33,0
DA:34,0
DA:39,0
DA:40,0
LF:18
LH:2
BRDA:7,1,0,5
BRDA:7,1,1,5
BRDA:7,2,0,5
BRDA:7,2,1,0
BRDA:7,3,0,1
BRDA:7,3,1,0
BRDA:7,4,0,0
BRDA:7,4,1,1
BRDA:9,5,0,0
BRDA:9,5,1,0
BRF:10
BRH:10
end_of_record
